<?xml version="1.0" encoding="UTF-8"?>
<testsuite xmlns:xsi="http://www.w3.org/2001/XMLSchema-instance" xsi:noNamespaceSchemaLocation="https://maven.apache.org/surefire/maven-surefire-plugin/xsd/surefire-test-report.xsd" version="3.0.2" name="com.blog.afaq.BlogApplicationTests" time="8.663" tests="1" errors="0" skipped="0" failures="0">
  <properties>
[...]
</properties>
  <testcase name="contextLoads" classname="com.blog.afaq.BlogApplicationTests" time="0.948">
    <system-out><![CDATA[19:13:50.659 [main] INFO org.springframework.test.context.support.AnnotationConfigContextLoaderUtils -- Could not detect default configuration classes for test class [com.blog.afaq.BlogApplicationTests]: BlogApplicationTests does not declare any static, non-private, non-final, nested classes annotated with @Configuration.
19:13:50.839 [main] INFO org.springframework.boot.test.context.SpringBootTestContextBootstrapper -- Found @SpringBootConfiguration com.blog.afaq.BlogApplication for test class com.blog.afaq.BlogApplicationTests

  .   ____          _            __ _ _
 /\\ / ___'_ __ _ _(_)_ __  __ _ \ \ \ \
( ( )\___ | '_ | '_| | '_ \/ _` | \ \ \ \
 \\/  ___)| |_)| | | | | || (_| |  ) ) ) )
  '  |____| .__|_| |_|_| |_\__, | / / / /
 =========|_|==============|___/=/_/_/_/

 :: Spring Boot ::                (v3.5.3)

2025-07-08T19:13:51.679+01:00  INFO 4876 --- [blog] [           main] com.blog.afaq.BlogApplicationTests       : Starting BlogApplicationTests using Java 21.0.6 with PID 4876 (started by ranim in C:\Users\ranim\OneDrive\Bureau\blog)
2025-07-08T19:13:51.681+01:00  INFO 4876 --- [blog] [           main] com.blog.afaq.BlogApplicationTests       : No active profile set, falling back to 1 default profile: "default"
2025-07-08T19:13:51.714+01:00 DEBUG 4876 --- [blog] [           main] o.s.w.c.s.GenericWebApplicationContext   : Refreshing org.springframework.web.context.support.GenericWebApplicationContext@55b5e331
2025-07-08T19:13:53.454+01:00  INFO 4876 --- [blog] [           main] .s.d.r.c.RepositoryConfigurationDelegate : Multiple Spring Data modules found, entering strict repository configuration mode
2025-07-08T19:13:53.457+01:00  INFO 4876 --- [blog] [           main] .s.d.r.c.RepositoryConfigurationDelegate : Bootstrapping Spring Data MongoDB repositories in DEFAULT mode.
2025-07-08T19:13:53.652+01:00  INFO 4876 --- [blog] [           main] .s.d.r.c.RepositoryConfigurationDelegate : Finished Spring Data repository scanning in 186 ms. Found 9 MongoDB repository interfaces.
2025-07-08T19:13:53.675+01:00  INFO 4876 --- [blog] [           main] .s.d.r.c.RepositoryConfigurationDelegate : Multiple Spring Data modules found, entering strict repository configuration mode
2025-07-08T19:13:53.677+01:00  INFO 4876 --- [blog] [           main] .s.d.r.c.RepositoryConfigurationDelegate : Bootstrapping Spring Data Redis repositories in DEFAULT mode.
2025-07-08T19:13:53.700+01:00  INFO 4876 --- [blog] [           main] .RepositoryConfigurationExtensionSupport : Spring Data Redis - Could not safely identify store assignment for repository candidate interface com.blog.afaq.repository.AccessLogRepository; If you want this repository to be a Redis repository, consider annotating your entities with one of these annotations: org.springframework.data.redis.core.RedisHash (preferred), or consider extending one of the following types with your repository: org.springframework.data.keyvalue.repository.KeyValueRepository
2025-07-08T19:13:53.701+01:00  INFO 4876 --- [blog] [           main] .RepositoryConfigurationExtensionSupport : Spring Data Redis - Could not safely identify store assignment for repository candidate interface com.blog.afaq.repository.ArticleRepository; If you want this repository to be a Redis repository, consider annotating your entities with one of these annotations: org.springframework.data.redis.core.RedisHash (preferred), or consider extending one of the following types with your repository: org.springframework.data.keyvalue.repository.KeyValueRepository
2025-07-08T19:13:53.701+01:00  INFO 4876 --- [blog] [           main] .RepositoryConfigurationExtensionSupport : Spring Data Redis - Could not safely identify store assignment for repository candidate interface com.blog.afaq.repository.CommentRepository; If you want this repository to be a Redis repository, consider annotating your entities with one of these annotations: org.springframework.data.redis.core.RedisHash (preferred), or consider extending one of the following types with your repository: org.springframework.data.keyvalue.repository.KeyValueRepository
2025-07-08T19:13:53.702+01:00  INFO 4876 --- [blog] [           main] .RepositoryConfigurationExtensionSupport : Spring Data Redis - Could not safely identify store assignment for repository candidate interface com.blog.afaq.repository.ContactMessageRepository; If you want this repository to be a Redis repository, consider annotating your entities with one of these annotations: org.springframework.data.redis.core.RedisHash (preferred), or consider extending one of the following types with your repository: org.springframework.data.keyvalue.repository.KeyValueRepository
2025-07-08T19:13:53.702+01:00  INFO 4876 --- [blog] [           main] .RepositoryConfigurationExtensionSupport : Spring Data Redis - Could not safely identify store assignment for repository candidate interface com.blog.afaq.repository.InitiativeRepository; If you want this repository to be a Redis repository, consider annotating your entities with one of these annotations: org.springframework.data.redis.core.RedisHash (preferred), or consider extending one of the following types with your repository: org.springframework.data.keyvalue.repository.KeyValueRepository
2025-07-08T19:13:53.703+01:00  INFO 4876 --- [blog] [           main] .RepositoryConfigurationExtensionSupport : Spring Data Redis - Could not safely identify store assignment for repository candidate interface com.blog.afaq.repository.RessourceRepository; If you want this repository to be a Redis repository, consider annotating your entities with one of these annotations: org.springframework.data.redis.core.RedisHash (preferred), or consider extending one of the following types with your repository: org.springframework.data.keyvalue.repository.KeyValueRepository
2025-07-08T19:13:53.703+01:00  INFO 4876 --- [blog] [           main] .RepositoryConfigurationExtensionSupport : Spring Data Redis - Could not safely identify store assignment for repository candidate interface com.blog.afaq.repository.SubscriberRepository; If you want this repository to be a Redis repository, consider annotating your entities with one of these annotations: org.springframework.data.redis.core.RedisHash (preferred), or consider extending one of the following types with your repository: org.springframework.data.keyvalue.repository.KeyValueRepository
2025-07-08T19:13:53.703+01:00  INFO 4876 --- [blog] [           main] .RepositoryConfigurationExtensionSupport : Spring Data Redis - Could not safely identify store assignment for repository candidate interface com.blog.afaq.repository.UserRepository; If you want this repository to be a Redis repository, consider annotating your entities with one of these annotations: org.springframework.data.redis.core.RedisHash (preferred), or consider extending one of the following types with your repository: org.springframework.data.keyvalue.repository.KeyValueRepository
2025-07-08T19:13:53.704+01:00  INFO 4876 --- [blog] [           main] .RepositoryConfigurationExtensionSupport : Spring Data Redis - Could not safely identify store assignment for repository candidate interface com.blog.afaq.repository.VerificationTokenRepository; If you want this repository to be a Redis repository, consider annotating your entities with one of these annotations: org.springframework.data.redis.core.RedisHash (preferred), or consider extending one of the following types with your repository: org.springframework.data.keyvalue.repository.KeyValueRepository
2025-07-08T19:13:53.704+01:00  INFO 4876 --- [blog] [           main] .s.d.r.c.RepositoryConfigurationDelegate : Finished Spring Data repository scanning in 14 ms. Found 0 Redis repository interfaces.
2025-07-08T19:13:54.924+01:00  INFO 4876 --- [blog] [jm1.mongodb.net] org.mongodb.driver.cluster               : Adding discovered server ac-woszd2r-shard-00-00.sa8qjm1.mongodb.net:27017 to client view of cluster
2025-07-08T19:13:54.991+01:00  INFO 4876 --- [blog] [           main] org.mongodb.driver.client                : MongoClient with metadata {"driver": {"name": "mongo-java-driver|sync|spring-boot", "version": "5.5.1"}, "os": {"type": "Windows", "name": "Windows 11", "architecture": "amd64", "version": "10.0"}, "platform": "Java/Amazon.com Inc./21.0.6+7-LTS"} created with settings MongoClientSettings{readPreference=primary, writeConcern=WriteConcern{w=majority, wTimeout=null ms, journal=null}, retryWrites=true, retryReads=true, readConcern=ReadConcern{level=null}, credential=MongoCredential{mechanism=null, userName='ranimabassi20', source='admin', password=<hidden>, mechanismProperties=<hidden>}, transportSettings=null, commandListeners=[], codecRegistry=ProvidersCodecRegistry{codecProviders=[ValueCodecProvider{}, BsonValueCodecProvider{}, DBRefCodecProvider{}, DBObjectCodecProvider{}, DocumentCodecProvider{}, CollectionCodecProvider{}, IterableCodecProvider{}, MapCodecProvider{}, GeoJsonCodecProvider{}, GridFSFileCodecProvider{}, Jsr310CodecProvider{}, JsonObjectCodecProvider{}, BsonCodecProvider{}, EnumCodecProvider{}, com.mongodb.client.model.mql.ExpressionCodecProvider@7c901203, com.mongodb.Jep395RecordCodecProvider@1e721583, com.mongodb.KotlinCodecProvider@79f5a6ed]}, loggerSettings=LoggerSettings{maxDocumentLength=1000}, clusterSettings={hosts=[127.0.0.1:27017], srvHost=cluster0.sa8qjm1.mongodb.net, srvServiceName=mongodb, mode=MULTIPLE, requiredClusterType=REPLICA_SET, requiredReplicaSetName='atlas-wkr5zf-shard-0', serverSelector='null', clusterListeners='[]', serverSelectionTimeout='30000 ms', localThreshold='15 ms'}, socketSettings=SocketSettings{connectTimeoutMS=10000, readTimeoutMS=0, receiveBufferSize=0, proxySettings=ProxySettings{host=null, port=null, username=null, password=null}}, heartbeatSocketSettings=SocketSettings{connectTimeoutMS=10000, readTimeoutMS=10000, receiveBufferSize=0, proxySettings=ProxySettings{host=null, port=null, username=null, password=null}}, connectionPoolSettings=ConnectionPoolSettings{maxSize=100, minSize=0, maxWaitTimeMS=120000, maxConnectionLifeTimeMS=0, maxConnectionIdleTimeMS=0, maintenanceInitialDelayMS=0, maintenanceFrequencyMS=60000, connectionPoolListeners=[], maxConnecting=2}, serverSettings=ServerSettings{heartbeatFrequencyMS=10000, minHeartbeatFrequencyMS=500, serverMonitoringMode=AUTO, serverListeners='[]', serverMonitorListeners='[]'}, sslSettings=SslSettings{enabled=true, invalidHostNameAllowed=false, context=null}, applicationName='null', compressorList=[], uuidRepresentation=JAVA_LEGACY, serverApi=null, autoEncryptionSettings=null, dnsClient=null, inetAddressResolver=null, contextProvider=null, timeoutMS=null}
2025-07-08T19:13:55.011+01:00  INFO 4876 --- [blog] [jm1.mongodb.net] org.mongodb.driver.cluster               : Adding discovered server ac-woszd2r-shard-00-01.sa8qjm1.mongodb.net:27017 to client view of cluster
2025-07-08T19:13:55.017+01:00  INFO 4876 --- [blog] [jm1.mongodb.net] org.mongodb.driver.cluster               : Adding discovered server ac-woszd2r-shard-00-02.sa8qjm1.mongodb.net:27017 to client view of cluster
2025-07-08T19:13:55.895+01:00  INFO 4876 --- [blog] [ngodb.net:27017] org.mongodb.driver.cluster               : Monitor thread successfully connected to server with description ServerDescription{address=ac-woszd2r-shard-00-02.sa8qjm1.mongodb.net:27017, type=REPLICA_SET_SECONDARY, cryptd=false, state=CONNECTED, ok=true, minWireVersion=0, maxWireVersion=25, maxDocumentSize=16777216, logicalSessionTimeoutMinutes=30, roundTripTimeNanos=449934500, minRoundTripTimeNanos=0, setName='atlas-wkr5zf-shard-0', canonicalAddress=ac-woszd2r-shard-00-02.sa8qjm1.mongodb.net:27017, hosts=[ac-woszd2r-shard-00-01.sa8qjm1.mongodb.net:27017, ac-woszd2r-shard-00-00.sa8qjm1.mongodb.net:27017, ac-woszd2r-shard-00-02.sa8qjm1.mongodb.net:27017], passives=[], arbiters=[], primary='ac-woszd2r-shard-00-01.sa8qjm1.mongodb.net:27017', tagSet=TagSet{[Tag{name='availabilityZone', value='europe-west1-d'}, Tag{name='diskState', value='READY'}, Tag{name='nodeType', value='ELECTABLE'}, Tag{name='provider', value='GCP'}, Tag{name='region', value='WESTERN_EUROPE'}, Tag{name='workloadType', value='OPERATIONAL'}]}, electionId=null, setVersion=28, topologyVersion=TopologyVersion{processId=6866c23b36fd99dc4637fc6d, counter=3}, lastWriteDate=Tue Jul 08 19:13:58 CET 2025, lastUpdateTimeNanos=1954886416587100}
2025-07-08T19:13:55.895+01:00  INFO 4876 --- [blog] [ngodb.net:27017] org.mongodb.driver.cluster               : Monitor thread successfully connected to server with description ServerDescription{address=ac-woszd2r-shard-00-01.sa8qjm1.mongodb.net:27017, type=REPLICA_SET_PRIMARY, cryptd=false, state=CONNECTED, ok=true, minWireVersion=0, maxWireVersion=25, maxDocumentSize=16777216, logicalSessionTimeoutMinutes=30, roundTripTimeNanos=448346600, minRoundTripTimeNanos=0, setName='atlas-wkr5zf-shard-0', canonicalAddress=ac-woszd2r-shard-00-01.sa8qjm1.mongodb.net:27017, hosts=[ac-woszd2r-shard-00-01.sa8qjm1.mongodb.net:27017, ac-woszd2r-shard-00-00.sa8qjm1.mongodb.net:27017, ac-woszd2r-shard-00-02.sa8qjm1.mongodb.net:27017], passives=[], arbiters=[], primary='ac-woszd2r-shard-00-01.sa8qjm1.mongodb.net:27017', tagSet=TagSet{[Tag{name='availabilityZone', value='europe-west1-c'}, Tag{name='diskState', value='READY'}, Tag{name='nodeType', value='ELECTABLE'}, Tag{name='provider', value='GCP'}, Tag{name='region', value='WESTERN_EUROPE'}, Tag{name='workloadType', value='OPERATIONAL'}]}, electionId=7fffffff0000000000000041, setVersion=28, topologyVersion=TopologyVersion{processId=6866bfd6dd6fbc1de4ec6e82, counter=6}, lastWriteDate=Tue Jul 08 19:13:58 CET 2025, lastUpdateTimeNanos=1954886416587100}
2025-07-08T19:13:55.904+01:00  INFO 4876 --- [blog] [ngodb.net:27017] org.mongodb.driver.cluster               : Discovered replica set primary ac-woszd2r-shard-00-01.sa8qjm1.mongodb.net:27017 with max election id 7fffffff0000000000000041 and max set version 28
2025-07-08T19:13:55.907+01:00  INFO 4876 --- [blog] [ngodb.net:27017] org.mongodb.driver.cluster               : Monitor thread successfully connected to server with description ServerDescription{address=ac-woszd2r-shard-00-00.sa8qjm1.mongodb.net:27017, type=REPLICA_SET_SECONDARY, cryptd=false, state=CONNECTED, ok=true, minWireVersion=0, maxWireVersion=25, maxDocumentSize=16777216, logicalSessionTimeoutMinutes=30, roundTripTimeNanos=472142200, minRoundTripTimeNanos=0, setName='atlas-wkr5zf-shard-0', canonicalAddress=ac-woszd2r-shard-00-00.sa8qjm1.mongodb.net:27017, hosts=[ac-woszd2r-shard-00-01.sa8qjm1.mongodb.net:27017, ac-woszd2r-shard-00-00.sa8qjm1.mongodb.net:27017, ac-woszd2r-shard-00-02.sa8qjm1.mongodb.net:27017], passives=[], arbiters=[], primary='ac-woszd2r-shard-00-01.sa8qjm1.mongodb.net:27017', tagSet=TagSet{[Tag{name='availabilityZone', value='europe-west1-b'}, Tag{name='diskState', value='READY'}, Tag{name='nodeType', value='ELECTABLE'}, Tag{name='provider', value='GCP'}, Tag{name='region', value='WESTERN_EUROPE'}, Tag{name='workloadType', value='OPERATIONAL'}]}, electionId=null, setVersion=28, topologyVersion=TopologyVersion{processId=6866bc2f4cd577bc038e2c10, counter=5}, lastWriteDate=Tue Jul 08 19:13:58 CET 2025, lastUpdateTimeNanos=1954886435058300}
2025-07-08T19:13:56.661+01:00 DEBUG 4876 --- [blog] [           main] s.w.s.m.m.a.RequestMappingHandlerMapping : 58 mappings in 'requestMappingHandlerMapping'
2025-07-08T19:13:56.849+01:00 DEBUG 4876 --- [blog] [           main] o.s.w.s.handler.SimpleUrlHandlerMapping  : Patterns [/webjars/**, /**, /swagger-ui*/*swagger-initializer.js, /swagger-ui*/**] in 'resourceHandlerMapping'
2025-07-08T19:13:56.891+01:00  INFO 4876 --- [blog] [           main] r$InitializeUserDetailsManagerConfigurer : Global AuthenticationManager configured with UserDetailsService bean with name customUserDetailsService
2025-07-08T19:13:57.064+01:00 DEBUG 4876 --- [blog] [           main] o.s.s.web.DefaultSecurityFilterChain     : Will secure any request with filters: DisableEncodeUrlFilter, WebAsyncManagerIntegrationFilter, SecurityContextHolderFilter, HeaderWriterFilter, LogoutFilter, JwtAuthenticationFilter, RequestCacheAwareFilter, SecurityContextHolderAwareRequestFilter, AnonymousAuthenticationFilter, SessionManagementFilter, ExceptionTranslationFilter, AuthorizationFilter
2025-07-08T19:13:57.310+01:00 DEBUG 4876 --- [blog] [           main] s.w.s.m.m.a.RequestMappingHandlerAdapter : ControllerAdvice beans: 0 @ModelAttribute, 0 @InitBinder, 1 RequestBodyAdvice, 1 ResponseBodyAdvice
2025-07-08T19:13:57.392+01:00 DEBUG 4876 --- [blog] [           main] .m.m.a.ExceptionHandlerExceptionResolver : ControllerAdvice beans: 2 @ExceptionHandler, 1 ResponseBodyAdvice
2025-07-08T19:13:58.113+01:00  INFO 4876 --- [blog] [           main] com.blog.afaq.BlogApplicationTests       : Started BlogApplicationTests in 6.961 seconds (process running for 8.518)
]]></system-out>
    <system-err><![CDATA[Mockito is currently self-attaching to enable the inline-mock-maker. This will no longer work in future releases of the JDK. Please add Mockito as an agent to your build as described in Mockito's documentation: https://javadoc.io/doc/org.mockito/mockito-core/latest/org.mockito/org/mockito/Mockito.html#0.3
WARNING: A Java agent has been loaded dynamically (C:\Users\ranim\.m2\repository\net\bytebuddy\byte-buddy-agent\1.17.6\byte-buddy-agent-1.17.6.jar)
WARNING: If a serviceability tool is in use, please run with -XX:+EnableDynamicAgentLoading to hide this warning
WARNING: If a serviceability tool is not in use, please run with -Djdk.instrument.traceUsage for more information
WARNING: Dynamic loading of agents will be disallowed by default in a future release
]]></system-err>
  </testcase>
</testsuite>